Start testing: Dec 13 00:03 CET
----------------------------------------------------------
3/3 Testing: Trielo::Tests::get_func_name
3/3 Test: Trielo::Tests::get_func_name
Command: "/home/spikeyamk/trielo/build/get_func_name"
Directory: /home/spikeyamk/trielo/build
"Trielo::Tests::get_func_name" start time: Dec 13 00:03 CET
Output:
----------------------------------------------------------
<end of output>
Test time =   0.01 sec
----------------------------------------------------------
Test Passed.
"Trielo::Tests::get_func_name" end time: Dec 13 00:03 CET
"Trielo::Tests::get_func_name" time elapsed: 00:00:00
----------------------------------------------------------

End testing: Dec 13 00:03 CET
